Command line:
   HW2_tb_isim_beh.exe
     -simmode  gui
     -simrunnum  0
     -socket  52173

Tue Aug 21 11:52:52 2018


 Elaboration Time: 0.234375 sec

 Current Memory Usage: 5982.92 Meg

 Total Signals          : 8
 Total Nets             : 4
 Total Signal Drivers   : 4
 Total Blocks           : 3
 Total Primitive Blocks : 2
 Total Processes        : 2
 Total Traceable Variables  : 8
 Total Scalar Nets and Variables : 364
Total Line Count : 11

 Total Simulation Time: 0.28125 sec

 Current Memory Usage: 5511.03 Meg

Tue Aug 21 11:53:52 2018

